[2026-03-31 02:17:48] [ICU | TS=5] ELECTION leader = "RAD"
[2026-03-31 02:17:48] [ICU | TS=6] ELECTION leader = "RAD"
[2026-03-31 02:19:55] [ICU | TS=7] update icu.bp = "140/90 mmHg"
[2026-03-31 02:23:13] [ICU | TS=12] ELECTION leader = "RAD"
[2026-03-31 02:25:04] [ICU | TS=13] update icu.bp = "130/85 mmHg"
[2026-03-31 02:25:18] [ICU | TS=14] update icu.heart_rate = "95 bpm"
[2026-03-31 02:25:32] [ICU | TS=15] update icu.oxygen_saturation = "97%"
[2026-03-31 02:25:47] [ICU | TS=16] update icu.notes = "Patient stable"
[2026-03-31 02:26:01] [ICU | TS=17] update icu.bp = "145/95 mmHg"
[2026-03-31 02:26:56] [ICU | TS=18] update icu.bp = "999/999 WRONG"
[2026-03-31 02:27:02] [ICU | TS=19] ROLLBACK ALL = "Checkpoint #1"
[2026-03-31 02:28:07] [ICU | TS=20] 2PC-COMMIT icu.treatment = "Aspirin 300mg STAT"
[2026-03-31 02:32:10] [ICU | TS=24] 2PC-COMMIT icu.treatment = "Should be blocked"
[2026-03-31 03:09:17] [ICU | TS=32] ELECTION leader = "RAD"
[2026-03-31 05:18:07] [ICU | TS=37] ELECTION leader = "RAD"
[2026-03-31 13:44:54] [ICU | TS=42] ELECTION leader = "RAD"
[2026-03-31 17:03:25] [ICU | TS=47] ELECTION leader = "RAD"
[2026-03-31 22:54:15] [ICU | TS={'ICU': 2}] ELECTION leader = "ICU"
[2026-03-31 22:54:22] [ICU | TS={'ICU': 3, 'RAD': 2}] ELECTION leader = "RAD"
[2026-03-31 23:02:44] [ICU | TS={'ICU': 2}] ELECTION leader = "ICU"
[2026-03-31 23:02:56] [ICU | TS={'ICU': 3, 'RAD': 2}] ELECTION leader = "RAD"
[2026-03-31 23:04:18] [ICU | TS={'ICU': 1, 'RAD': 1}] ELECTION leader = "RAD"
[2026-03-31 23:04:19] [ICU | TS={'ICU': 4, 'RAD': 4}] ELECTION leader = "RAD"
[2026-03-31 23:04:49] [ICU | TS={'ICU': 5, 'RAD': 4}] update icu.bp = "135/85 mmHg"
[2026-03-31 23:10:21] [ICU | TS={'ICU': 7, 'RAD': 4}] ELECTION leader = "ICU"
[2026-03-31 23:19:12] [ICU | TS={'ICU': 2}] ELECTION leader = "ICU"
[2026-03-31 23:19:22] [ICU | TS={'ICU': 3}] update icu.bp = "180/120 EMERGENCY"
[2026-03-31 23:19:58] [ICU | TS={'ICU': 4, 'RAD': 2}] ELECTION leader = "RAD"
[2026-03-31 23:22:57] [ICU | TS={'ICU': 5, 'RAD': 2}] CONFLICT-TEST icu.bp = "winner=ICU"
[2026-03-31 23:32:17] [ICU | TS={'ICU': 6, 'RAD': 5}] ELECTION leader = "RAD"
[2026-03-31 23:32:52] [ICU | TS={'ICU': 7, 'RAD': 5}] update icu.bp = "CORRUPTED DATA"
[2026-03-31 23:32:57] [ICU | TS={'ICU': 8, 'RAD': 5}] ROLLBACK ALL = "Checkpoint #1"
[2026-03-31 23:33:25] [ICU | TS={'ICU': 9, 'RAD': 5}] update icu.bp = "CORRUPTED DATA"
[2026-03-31 23:33:30] [ICU | TS={'ICU': 10, 'RAD': 5}] ROLLBACK ALL = "Checkpoint #1"
[2026-03-31 23:56:30] [ICU | TS={'ICU': 13, 'RAD': 12}] ELECTION leader = "RAD"
[2026-03-31 23:58:59] [ICU | TS={'ICU': 14, 'RAD': 15}] ELECTION leader = "RAD"
