[2026-03-31 02:17:48] [RAD | TS=4] ELECTION leader = "RAD"
[2026-03-31 02:17:48] [RAD | TS=5] ELECTION leader = "RAD"
[2026-03-31 02:19:56] [ICU | TS=7] update icu.bp = "140/90 mmHg"
[2026-03-31 02:23:13] [RAD | TS=11] ELECTION leader = "RAD"
[2026-03-31 02:25:04] [ICU | TS=13] update icu.bp = "130/85 mmHg"
[2026-03-31 02:25:18] [ICU | TS=14] update icu.heart_rate = "95 bpm"
[2026-03-31 02:25:32] [ICU | TS=15] update icu.oxygen_saturation = "97%"
[2026-03-31 02:25:48] [ICU | TS=16] update icu.notes = "Patient stable"
[2026-03-31 02:26:01] [ICU | TS=17] update icu.bp = "145/95 mmHg"
[2026-03-31 02:26:56] [ICU | TS=18] update icu.bp = "999/999 WRONG"
[2026-03-31 02:27:02] [RAD | TS=20] ROLLBACK-RECV ALL = "Checkpoint #1 from ICU"
[2026-03-31 02:28:07] [RAD | TS=23] 2PC-COMMIT-RECV icu.treatment = "Aspirin 300mg STAT"
[2026-03-31 02:32:10] [RAD | TS=27] 2PC-COMMIT-RECV icu.treatment = "Should be blocked"
[2026-03-31 03:09:16] [RAD | TS=31] ELECTION leader = "RAD"
[2026-03-31 05:18:07] [RAD | TS=36] ELECTION leader = "RAD"
[2026-03-31 13:44:53] [RAD | TS=41] ELECTION leader = "RAD"
[2026-03-31 17:03:25] [RAD | TS=46] ELECTION leader = "RAD"
[2026-03-31 22:54:22] [RAD | TS={'RAD': 2, 'ICU': 2}] ELECTION leader = "RAD"
[2026-03-31 23:02:56] [RAD | TS={'RAD': 2, 'ICU': 2}] ELECTION leader = "RAD"
[2026-03-31 23:04:18] [RAD | TS={'RAD': 1}] ELECTION leader = "RAD"
[2026-03-31 23:04:19] [RAD | TS={'RAD': 4, 'ICU': 2}] ELECTION leader = "RAD"
[2026-03-31 23:04:49] [ICU | TS={'ICU': 5, 'RAD': 4}] update icu.bp = "135/85 mmHg"
[2026-03-31 23:19:58] [RAD | TS={'RAD': 2, 'ICU': 3}] ELECTION leader = "RAD"
[2026-03-31 23:32:17] [RAD | TS={'RAD': 5, 'ICU': 4}] ELECTION leader = "RAD"
[2026-03-31 23:32:52] [ICU | TS={'ICU': 7, 'RAD': 5}] update icu.bp = "CORRUPTED DATA"
[2026-03-31 23:32:57] [RAD | TS={'RAD': 7, 'ICU': 8}] ROLLBACK-RECV ALL = "Checkpoint #1 from ICU"
[2026-03-31 23:33:25] [ICU | TS={'ICU': 9, 'RAD': 5}] update icu.bp = "CORRUPTED DATA"
[2026-03-31 23:33:30] [RAD | TS={'RAD': 9, 'ICU': 10}] ROLLBACK-RECV ALL = "Checkpoint #1 from ICU"
[2026-03-31 23:56:30] [RAD | TS={'RAD': 12, 'ICU': 11}] ELECTION leader = "RAD"
[2026-03-31 23:58:59] [RAD | TS={'RAD': 15, 'ICU': 12}] ELECTION leader = "RAD"
